<?xml version="1.0" encoding="UTF-8"?>
<robot generator="Robot 6.1.1 (Python 3.10.10 on linux)" generated="20231120 22:37:07.539" rpa="false" schemaversion="4">
<suite id="s1" name="Tests" source="/home/study/Documents/ohtu/ohjelmistotuotanto/viikko3/web-login/src/tests">
<suite id="s1-s1" name="Login" source="/home/study/Documents/ohtu/ohjelmistotuotanto/viikko3/web-login/src/tests/login.robot">
<kw name="Open And Configure Browser" library="resource" type="SETUP">
<kw name="Evaluate" library="BuiltIn">
<var>${options}</var>
<arg>sys.modules['selenium.webdriver'].FirefoxOptions()</arg>
<arg>sys</arg>
<doc>Evaluates the given expression in Python and returns the result.</doc>
<msg timestamp="20231120 22:37:07.614" level="INFO">${options} = &lt;selenium.webdriver.firefox.options.Options object at 0x7f0a20433640&gt;</msg>
<status status="PASS" starttime="20231120 22:37:07.614" endtime="20231120 22:37:07.614"/>
</kw>
<kw name="Call Method" library="BuiltIn">
<arg>${options}</arg>
<arg>add_argument</arg>
<arg>--no-sandbox</arg>
<doc>Calls the named method of the given object with the provided arguments.</doc>
<status status="PASS" starttime="20231120 22:37:07.614" endtime="20231120 22:37:07.614"/>
</kw>
<kw name="Open Browser" library="SeleniumLibrary">
<arg>browser=firefox</arg>
<arg>options=${options}</arg>
<doc>Opens a new browser instance to the optional ``url``.</doc>
<msg timestamp="20231120 22:37:07.614" level="INFO">Opening browser 'firefox' to base url 'None'.</msg>
<msg timestamp="20231120 22:37:09.732" level="INFO">Cannot capture screenshot because no browser is open.</msg>
<msg timestamp="20231120 22:37:09.733" level="FAIL">WebDriverException: Message: Process unexpectedly closed with status 1
</msg>
<status status="FAIL" starttime="20231120 22:37:07.614" endtime="20231120 22:37:09.733"/>
</kw>
<kw name="Set Selenium Speed" library="SeleniumLibrary">
<arg>${DELAY}</arg>
<doc>Sets the delay that is waited after each Selenium command.</doc>
<status status="NOT RUN" starttime="20231120 22:37:09.733" endtime="20231120 22:37:09.733"/>
</kw>
<status status="FAIL" starttime="20231120 22:37:07.614" endtime="20231120 22:37:09.733"/>
</kw>
<test id="s1-s1-t1" name="Login With Correct Credentials" line="8">
<status status="FAIL" starttime="20231120 22:37:09.733" endtime="20231120 22:37:09.734">Parent suite setup failed:
WebDriverException: Message: Process unexpectedly closed with status 1
</status>
</test>
<test id="s1-s1-t2" name="Login With Incorrect Password" line="14">
<status status="FAIL" starttime="20231120 22:37:09.734" endtime="20231120 22:37:09.734">Parent suite setup failed:
WebDriverException: Message: Process unexpectedly closed with status 1
</status>
</test>
<kw name="Close Browser" library="SeleniumLibrary" type="TEARDOWN">
<doc>Closes the current browser.</doc>
<status status="PASS" starttime="20231120 22:37:09.734" endtime="20231120 22:37:09.734"/>
</kw>
<status status="FAIL" starttime="20231120 22:37:07.547" endtime="20231120 22:37:09.734">Suite setup failed:
WebDriverException: Message: Process unexpectedly closed with status 1
</status>
</suite>
<status status="FAIL" starttime="20231120 22:37:07.540" endtime="20231120 22:37:09.735"/>
</suite>
<statistics>
<total>
<stat pass="0" fail="2" skip="0">All Tests</stat>
</total>
<tag>
</tag>
<suite>
<stat pass="0" fail="2" skip="0" id="s1" name="Tests">Tests</stat>
<stat pass="0" fail="2" skip="0" id="s1-s1" name="Login">Tests.Login</stat>
</suite>
</statistics>
<errors>
</errors>
</robot>
